16:54:04.339 [main                     ] DEBUG Logger               - Configured Logger
16:54:04.362 [main                     ] DEBUG GameApplication      - Logging settings
Title: First game
Version: 0.0
Width: 800
Height: 600
Fullscreen: false
Intro: false
Profiling: false
Single step:false
App Mode: DEVELOPER
Menu Key: ESCAPE
Stage Style: DECORATED
Scene Factory: class com.almasb.fxgl.app.scene.SceneFactory

16:54:04.641 [JavaFX Application Thread] DEBUG FXGLApplication      - Initializing FXGL
16:54:04.646 [JavaFX Application Thread] INFO  Engine               - FXGL-17.1 (24.03.2022 17.34) on WINDOWS (J:18.0.2.1 FX:18.0.1)
16:54:04.647 [JavaFX Application Thread] DEBUG Engine               - JRE Vendor Name: Oracle Corporation
16:54:04.647 [JavaFX Application Thread] DEBUG Engine               - Running on OS: Windows 10 version 10.0
16:54:04.647 [JavaFX Application Thread] DEBUG Engine               - Architecture: amd64
16:54:04.647 [JavaFX Application Thread] INFO  Engine               - Source code and latest versions at: https://github.com/AlmasB/FXGL
16:54:04.647 [JavaFX Application Thread] INFO  Engine               -       Ask questions and discuss at: https://github.com/AlmasB/FXGL/discussions
16:54:04.647 [JavaFX Application Thread] INFO  Engine               -              Join the FXGL chat at: https://gitter.im/AlmasB/FXGL
16:54:04.709 [JavaFX Application Thread] DEBUG PrimaryStageWindow   - Creating a JavaFX scene
16:54:04.742 [JavaFX Application Thread] DEBUG PrimaryStageWindow   - Target settings size: 800.0 x 600.0
16:54:04.742 [JavaFX Application Thread] DEBUG PrimaryStageWindow   - Scaled scene size:    800.0 x 600.0
16:54:04.743 [JavaFX Application Thread] DEBUG PrimaryStageWindow   - Scaled ratio: (1.0, 1.0)
16:54:04.744 [JavaFX Application Thread] DEBUG PrimaryStageWindow   - Set initial scene to FXGLStartupScene
16:54:04.749 [JavaFX Application Thread] DEBUG PrimaryStageWindow   - Opening main window
16:54:04.813 [JavaFX Application Thread] DEBUG PrimaryStageWindow   - Window border size: (14.66668701171875, 37.33331298828125)
16:54:04.814 [JavaFX Application Thread] DEBUG PrimaryStageWindow   - Scaled size: 800.0 x 600.0
16:54:04.814 [JavaFX Application Thread] DEBUG PrimaryStageWindow   - Scaled ratio: (1.0, 1.0)
16:54:04.815 [JavaFX Application Thread] DEBUG PrimaryStageWindow   - Scene size: 800.0 x 600.0
16:54:04.815 [JavaFX Application Thread] DEBUG PrimaryStageWindow   - Stage size: 814.6666870117188 x 637.3333129882812
16:54:04.820 [FXGL Background Thread 1 ] DEBUG Engine               - Initializing environment variables
16:54:04.866 [FXGL Background Thread 1 ] DEBUG FXGLAssetLoaderServi - User app class for loading assets: class fr.mamz.launcher.HelloApplication
16:54:04.867 [FXGL Background Thread 1 ] DEBUG GameApplicationServi - Applying CSS: fxgl_dark.css
16:54:04.867 [FXGL Background Thread 1 ] DEBUG FXGLAssetLoaderServi - Loading from file system: jar:file:///C:/Users/yquilliard/.gradle/caches/modules-2/files-2.1/com.github.almasb/fxgl/17.1/2a9509aedf54954c9b13849c18c6f495a81c542d/fxgl-17.1.jar!/fxglassets/ui/css/fxgl_dark.css
16:54:04.904 [FXGL Background Thread 1 ] DEBUG GameApplicationServi - Initializing application scenes
16:54:04.933 [FXGL Background Thread 1 ] DEBUG GameWorld            - Game world initialized
16:54:04.977 [FXGL Background Thread 1 ] DEBUG PhysicsWorld         - Physics world initialized: appHeight=600, physics.ppm=50,0
16:54:04.977 [FXGL Background Thread 1 ] DEBUG PhysicsWorld         - Using strategy: BRUTE_FORCE
16:54:04.980 [FXGL Background Thread 1 ] DEBUG GameScene            - Game scene initialized: 800x600
16:54:04.994 [FXGL Background Thread 1 ] DEBUG FXGL.DefaultMenu     - createMenuBodyGameMenu()
16:54:05.003 [FXGL Background Thread 1 ] DEBUG FXGL.DefaultMenu     - createOptionsMenu()
16:54:05.011 [FXGL Background Thread 1 ] DEBUG FXGLAssetLoaderServi - Loading from file system: jar:file:///C:/Users/yquilliard/.gradle/caches/modules-2/files-2.1/com.github.almasb/fxgl/17.1/2a9509aedf54954c9b13849c18c6f495a81c542d/fxgl-17.1.jar!/fxglassets/textures/particles/smoke.png
16:54:05.074 [FXGL Background Thread 1 ] DEBUG FXGLAssetLoaderServi - Loading from file system: jar:file:///C:/Users/yquilliard/.gradle/caches/modules-2/files-2.1/com.github.almasb/fxgl/17.1/2a9509aedf54954c9b13849c18c6f495a81c542d/fxgl-17.1.jar!/fxglassets/textures/particles/trace_horizontal.png
16:54:05.095 [FXGL Background Thread 1 ] DEBUG GameApplicationServi - Application scenes initialized
16:54:05.104 [FXGL Background Thread 1 ] DEBUG SystemBundleService  - Loading FXGL system data
16:54:05.113 [FXGL Background Thread 1 ] DEBUG FileSystemAccess     - Reading from: U:\PROJET PERSO\Launcher\system\fxgl.bundle
16:54:05.121 [FXGL Background Thread 1 ] DEBUG SystemBundleService  - Bundle FXGL: {}
16:54:05.121 [FXGL Background Thread 1 ] DEBUG UpdaterService       - Checking for updates
16:54:05.125 [FXGL Background Thread 4 ] DEBUG FXGLApplication      - Loading fonts
16:54:05.126 [FXGL Background Thread 1 ] DEBUG FXGLApplication      - Loading default localization
16:54:05.126 [FXGL Background Thread 4 ] DEBUG FXGLAssetLoaderServi - Loading from file system: jar:file:///C:/Users/yquilliard/.gradle/caches/modules-2/files-2.1/com.github.almasb/fxgl/17.1/2a9509aedf54954c9b13849c18c6f495a81c542d/fxgl-17.1.jar!/fxglassets/ui/fonts/VarelaRound-Regular.ttf
16:54:05.126 [FXGL Background Thread 1 ] DEBUG FXGLAssetLoaderServi - Loading from file system: jar:file:///C:/Users/yquilliard/.gradle/caches/modules-2/files-2.1/com.github.almasb/fxgl/17.1/2a9509aedf54954c9b13849c18c6f495a81c542d/fxgl-17.1.jar!/fxglassets/languages/english.lang
16:54:05.149 [FXGL Background Thread 1 ] INFO  FXGLApplication      - FXGL initialization took: 0,329 sec
16:54:05.163 [JavaFX Application Thread] DEBUG Input                - Registered new binding: action0 - Z
16:54:05.164 [JavaFX Application Thread] DEBUG Input                - Registered new binding: action1 - Q
16:54:05.165 [JavaFX Application Thread] DEBUG Input                - Registered new binding: action2 - S
16:54:05.166 [JavaFX Application Thread] DEBUG Input                - Registered new binding: action3 - D
16:54:05.167 [JavaFX Application Thread] DEBUG Input                - Registered new binding: action4 - LMB
16:54:05.168 [JavaFX Application Thread] DEBUG FXGLAssetLoaderServi - Loading from file system: jar:file:///C:/Users/yquilliard/.gradle/caches/modules-2/files-2.1/com.github.almasb/fxgl/17.1/2a9509aedf54954c9b13849c18c6f495a81c542d/fxgl-17.1.jar!/fxglassets/textures/fxgl_icon.png
16:54:05.174 [FXGL Background Thread 4 ] DEBUG FXGLAssetLoaderServi - Loading from file system: jar:file:///C:/Users/yquilliard/.gradle/caches/modules-2/files-2.1/com.github.almasb/fxgl/17.1/2a9509aedf54954c9b13849c18c6f495a81c542d/fxgl-17.1.jar!/fxglassets/ui/fonts/Abel-Regular.ttf
16:54:05.177 [FXGL Background Thread 4 ] DEBUG FXGLAssetLoaderServi - Loading from file system: jar:file:///C:/Users/yquilliard/.gradle/caches/modules-2/files-2.1/com.github.almasb/fxgl/17.1/2a9509aedf54954c9b13849c18c6f495a81c542d/fxgl-17.1.jar!/fxglassets/ui/fonts/TerminalLandMono-Regular.otf
16:54:05.180 [JavaFX Application Thread] DEBUG FXGLAssetLoaderServi - Loading from file system: jar:file:///C:/Users/yquilliard/.gradle/caches/modules-2/files-2.1/com.github.almasb/fxgl/17.1/2a9509aedf54954c9b13849c18c6f495a81c542d/fxgl-17.1.jar!/fxglassets/textures/fxgl_default_cursor.png
16:54:05.181 [FXGL Background Thread 4 ] DEBUG FXGLAssetLoaderServi - Loading from file system: jar:file:///C:/Users/yquilliard/.gradle/caches/modules-2/files-2.1/com.github.almasb/fxgl/17.1/2a9509aedf54954c9b13849c18c6f495a81c542d/fxgl-17.1.jar!/fxglassets/ui/fonts/Courier-Prime.ttf
16:54:05.182 [JavaFX Application Thread] DEBUG Input                - Registered new binding: Screenshot - CTRL+8
16:54:05.182 [JavaFX Application Thread] DEBUG Input                - Registered new binding: System info dump - CTRL+9
16:54:05.183 [JavaFX Application Thread] DEBUG Input                - Registered new binding: Restart - CTRL+R
16:54:05.183 [JavaFX Application Thread] DEBUG Input                - Registered new binding: Toggle Debug Camera - CTRL+7
16:54:05.185 [JavaFX Application Thread] DEBUG LoopRunner           - Starting loop
16:54:05.185 [JavaFX Application Thread] DEBUG LoopRunner           - Initializing JavaFX AnimationTimerLoop
16:54:05.186 [JavaFX Application Thread] DEBUG GameApplicationServi - Starting new game
16:54:05.187 [JavaFX Application Thread] DEBUG Input                - Clearing active input actions
16:54:05.194 [JavaFX Application Thread] DEBUG GameApplicationServi - Removing overlay from FXGLStartupScene and adding to FXGLLoadingScene
16:54:05.195 [JavaFX Application Thread] DEBUG PrimaryStageWindow   - FXGLStartupScene -> FXGLLoadingScene
16:54:05.195 [JavaFX Application Thread] DEBUG GameApplicationServi - Clearing previous game
16:54:05.195 [JavaFX Application Thread] DEBUG GameScene            - Clearing game scene
16:54:05.195 [JavaFX Application Thread] DEBUG GameWorld            - Clearing game world
16:54:05.195 [JavaFX Application Thread] DEBUG PhysicsWorld         - Clearing physics world
16:54:05.197 [JavaFX Application Thread] DEBUG FXGLApplication      - Registering font factories with UI factory
16:54:05.219 [FXGL Background Thread 4 ] INFO  FXGLApplication      - Game initialization took: 0,022 sec
16:54:05.231 [JavaFX Application Thread] DEBUG Input                - Clearing active input actions
16:54:05.237 [JavaFX Application Thread] DEBUG GameApplicationServi - Removing overlay from FXGLLoadingScene and adding to GameScene
16:54:05.237 [JavaFX Application Thread] DEBUG PrimaryStageWindow   - FXGLLoadingScene -> GameScene
16:54:05.945 [FXGL Background Thread 2 ] INFO  UpdaterService       - Your current version:  17.1
16:54:05.945 [FXGL Background Thread 2 ] INFO  UpdaterService       - Latest stable version: 17.2
16:54:07.398 [JavaFX Application Thread] DEBUG FXGLApplication      - Exiting FXGL
16:54:07.398 [JavaFX Application Thread] DEBUG LoopRunner           - Stopping loop
16:54:07.398 [JavaFX Application Thread] DEBUG SystemBundleService  - Saving FXGL system data
16:54:07.403 [JavaFX Application Thread] DEBUG FileSystemAccess     - Writing to: U:\PROJET PERSO\Launcher\system\fxgl.bundle
16:54:07.412 [JavaFX Application Thread] DEBUG Async                - Shutting down background threads
16:54:07.412 [JavaFX Application Thread] DEBUG PrimaryStageWindow   - Closing main window
16:54:07.422 [JavaFX Application Thread] DEBUG Logger               - Closing Logger
