13:30:44.377 [main                     ] DEBUG Logger               - Configured Logger
13:30:44.400 [main                     ] DEBUG GameApplication      - Logging settings
Title: First game
Version: 0.0
Width: 800
Height: 600
Fullscreen: false
Intro: false
Profiling: false
Single step:false
App Mode: DEVELOPER
Menu Key: ESCAPE
Stage Style: DECORATED
Scene Factory: class com.almasb.fxgl.app.scene.SceneFactory

13:30:44.697 [JavaFX Application Thread] DEBUG FXGLApplication      - Initializing FXGL
13:30:44.702 [JavaFX Application Thread] INFO  Engine               - FXGL-17.1 (24.03.2022 17.34) on WINDOWS (J:18.0.2.1 FX:18.0.1)
13:30:44.702 [JavaFX Application Thread] DEBUG Engine               - JRE Vendor Name: Oracle Corporation
13:30:44.702 [JavaFX Application Thread] DEBUG Engine               - Running on OS: Windows 10 version 10.0
13:30:44.703 [JavaFX Application Thread] DEBUG Engine               - Architecture: amd64
13:30:44.703 [JavaFX Application Thread] INFO  Engine               - Source code and latest versions at: https://github.com/AlmasB/FXGL
13:30:44.703 [JavaFX Application Thread] INFO  Engine               -       Ask questions and discuss at: https://github.com/AlmasB/FXGL/discussions
13:30:44.703 [JavaFX Application Thread] INFO  Engine               -              Join the FXGL chat at: https://gitter.im/AlmasB/FXGL
13:30:44.765 [JavaFX Application Thread] DEBUG PrimaryStageWindow   - Creating a JavaFX scene
13:30:44.800 [JavaFX Application Thread] DEBUG PrimaryStageWindow   - Target settings size: 800.0 x 600.0
13:30:44.800 [JavaFX Application Thread] DEBUG PrimaryStageWindow   - Scaled scene size:    800.0 x 600.0
13:30:44.800 [JavaFX Application Thread] DEBUG PrimaryStageWindow   - Scaled ratio: (1.0, 1.0)
13:30:44.801 [JavaFX Application Thread] DEBUG PrimaryStageWindow   - Set initial scene to FXGLStartupScene
13:30:44.806 [JavaFX Application Thread] DEBUG PrimaryStageWindow   - Opening main window
13:30:44.866 [JavaFX Application Thread] DEBUG PrimaryStageWindow   - Window border size: (14.66668701171875, 37.33331298828125)
13:30:44.866 [JavaFX Application Thread] DEBUG PrimaryStageWindow   - Scaled size: 800.0 x 600.0
13:30:44.866 [JavaFX Application Thread] DEBUG PrimaryStageWindow   - Scaled ratio: (1.0, 1.0)
13:30:44.867 [JavaFX Application Thread] DEBUG PrimaryStageWindow   - Scene size: 800.0 x 600.0
13:30:44.867 [JavaFX Application Thread] DEBUG PrimaryStageWindow   - Stage size: 814.6666870117188 x 637.3333129882812
13:30:44.873 [FXGL Background Thread 1 ] DEBUG Engine               - Initializing environment variables
13:30:44.916 [FXGL Background Thread 1 ] DEBUG FXGLAssetLoaderServi - User app class for loading assets: class fr.mamz.launcher.HelloApplication
13:30:44.916 [FXGL Background Thread 1 ] DEBUG GameApplicationServi - Applying CSS: fxgl_dark.css
13:30:44.917 [FXGL Background Thread 1 ] DEBUG FXGLAssetLoaderServi - Loading from file system: jar:file:///C:/Users/yquilliard/.gradle/caches/modules-2/files-2.1/com.github.almasb/fxgl/17.1/2a9509aedf54954c9b13849c18c6f495a81c542d/fxgl-17.1.jar!/fxglassets/ui/css/fxgl_dark.css
13:30:44.954 [FXGL Background Thread 1 ] DEBUG GameApplicationServi - Initializing application scenes
13:30:44.986 [FXGL Background Thread 1 ] DEBUG GameWorld            - Game world initialized
13:30:45.035 [FXGL Background Thread 1 ] DEBUG PhysicsWorld         - Physics world initialized: appHeight=600, physics.ppm=50,0
13:30:45.035 [FXGL Background Thread 1 ] DEBUG PhysicsWorld         - Using strategy: BRUTE_FORCE
13:30:45.044 [FXGL Background Thread 1 ] DEBUG GameScene            - Game scene initialized: 800x600
13:30:45.053 [FXGL Background Thread 1 ] DEBUG FXGL.DefaultMenu     - createMenuBodyGameMenu()
13:30:45.063 [FXGL Background Thread 1 ] DEBUG FXGL.DefaultMenu     - createOptionsMenu()
13:30:45.071 [FXGL Background Thread 1 ] DEBUG FXGLAssetLoaderServi - Loading from file system: jar:file:///C:/Users/yquilliard/.gradle/caches/modules-2/files-2.1/com.github.almasb/fxgl/17.1/2a9509aedf54954c9b13849c18c6f495a81c542d/fxgl-17.1.jar!/fxglassets/textures/particles/smoke.png
13:30:45.137 [FXGL Background Thread 1 ] DEBUG FXGLAssetLoaderServi - Loading from file system: jar:file:///C:/Users/yquilliard/.gradle/caches/modules-2/files-2.1/com.github.almasb/fxgl/17.1/2a9509aedf54954c9b13849c18c6f495a81c542d/fxgl-17.1.jar!/fxglassets/textures/particles/trace_horizontal.png
13:30:45.158 [FXGL Background Thread 1 ] DEBUG GameApplicationServi - Application scenes initialized
13:30:45.168 [FXGL Background Thread 1 ] DEBUG SystemBundleService  - Loading FXGL system data
13:30:45.174 [FXGL Background Thread 1 ] DEBUG FileSystemAccess     - Reading from: U:\PROJET PERSO\Launcher\system\fxgl.bundle
13:30:45.182 [FXGL Background Thread 1 ] DEBUG SystemBundleService  - Bundle FXGL: {}
13:30:45.183 [FXGL Background Thread 1 ] DEBUG UpdaterService       - Checking for updates
13:30:45.187 [FXGL Background Thread 4 ] DEBUG FXGLApplication      - Loading fonts
13:30:45.188 [FXGL Background Thread 1 ] DEBUG FXGLApplication      - Loading default localization
13:30:45.188 [FXGL Background Thread 4 ] DEBUG FXGLAssetLoaderServi - Loading from file system: jar:file:///C:/Users/yquilliard/.gradle/caches/modules-2/files-2.1/com.github.almasb/fxgl/17.1/2a9509aedf54954c9b13849c18c6f495a81c542d/fxgl-17.1.jar!/fxglassets/ui/fonts/VarelaRound-Regular.ttf
13:30:45.188 [FXGL Background Thread 1 ] DEBUG FXGLAssetLoaderServi - Loading from file system: jar:file:///C:/Users/yquilliard/.gradle/caches/modules-2/files-2.1/com.github.almasb/fxgl/17.1/2a9509aedf54954c9b13849c18c6f495a81c542d/fxgl-17.1.jar!/fxglassets/languages/english.lang
13:30:45.210 [FXGL Background Thread 1 ] INFO  FXGLApplication      - FXGL initialization took: 0,336 sec
13:30:45.221 [JavaFX Application Thread] DEBUG Input                - Registered new binding: action0 - Z
13:30:45.222 [JavaFX Application Thread] DEBUG Input                - Registered new binding: action1 - Q
13:30:45.222 [JavaFX Application Thread] DEBUG Input                - Registered new binding: action2 - S
13:30:45.223 [JavaFX Application Thread] DEBUG Input                - Registered new binding: action3 - D
13:30:45.225 [JavaFX Application Thread] DEBUG Input                - Registered new binding: action4 - LMB
13:30:45.225 [JavaFX Application Thread] DEBUG FXGLAssetLoaderServi - Loading from file system: jar:file:///C:/Users/yquilliard/.gradle/caches/modules-2/files-2.1/com.github.almasb/fxgl/17.1/2a9509aedf54954c9b13849c18c6f495a81c542d/fxgl-17.1.jar!/fxglassets/textures/fxgl_icon.png
13:30:45.233 [FXGL Background Thread 4 ] DEBUG FXGLAssetLoaderServi - Loading from file system: jar:file:///C:/Users/yquilliard/.gradle/caches/modules-2/files-2.1/com.github.almasb/fxgl/17.1/2a9509aedf54954c9b13849c18c6f495a81c542d/fxgl-17.1.jar!/fxglassets/ui/fonts/Abel-Regular.ttf
13:30:45.236 [FXGL Background Thread 4 ] DEBUG FXGLAssetLoaderServi - Loading from file system: jar:file:///C:/Users/yquilliard/.gradle/caches/modules-2/files-2.1/com.github.almasb/fxgl/17.1/2a9509aedf54954c9b13849c18c6f495a81c542d/fxgl-17.1.jar!/fxglassets/ui/fonts/TerminalLandMono-Regular.otf
13:30:45.240 [FXGL Background Thread 4 ] DEBUG FXGLAssetLoaderServi - Loading from file system: jar:file:///C:/Users/yquilliard/.gradle/caches/modules-2/files-2.1/com.github.almasb/fxgl/17.1/2a9509aedf54954c9b13849c18c6f495a81c542d/fxgl-17.1.jar!/fxglassets/ui/fonts/Courier-Prime.ttf
13:30:45.243 [JavaFX Application Thread] DEBUG FXGLAssetLoaderServi - Loading from file system: jar:file:///C:/Users/yquilliard/.gradle/caches/modules-2/files-2.1/com.github.almasb/fxgl/17.1/2a9509aedf54954c9b13849c18c6f495a81c542d/fxgl-17.1.jar!/fxglassets/textures/fxgl_default_cursor.png
13:30:45.246 [JavaFX Application Thread] DEBUG Input                - Registered new binding: Screenshot - CTRL+8
13:30:45.246 [JavaFX Application Thread] DEBUG Input                - Registered new binding: System info dump - CTRL+9
13:30:45.246 [JavaFX Application Thread] DEBUG Input                - Registered new binding: Restart - CTRL+R
13:30:45.247 [JavaFX Application Thread] DEBUG Input                - Registered new binding: Toggle Debug Camera - CTRL+7
13:30:45.248 [JavaFX Application Thread] DEBUG LoopRunner           - Starting loop
13:30:45.248 [JavaFX Application Thread] DEBUG LoopRunner           - Initializing JavaFX AnimationTimerLoop
13:30:45.249 [JavaFX Application Thread] DEBUG GameApplicationServi - Starting new game
13:30:45.249 [JavaFX Application Thread] DEBUG Input                - Clearing active input actions
13:30:45.259 [JavaFX Application Thread] DEBUG GameApplicationServi - Removing overlay from FXGLStartupScene and adding to FXGLLoadingScene
13:30:45.259 [JavaFX Application Thread] DEBUG PrimaryStageWindow   - FXGLStartupScene -> FXGLLoadingScene
13:30:45.259 [JavaFX Application Thread] DEBUG GameApplicationServi - Clearing previous game
13:30:45.259 [JavaFX Application Thread] DEBUG GameScene            - Clearing game scene
13:30:45.259 [JavaFX Application Thread] DEBUG GameWorld            - Clearing game world
13:30:45.259 [JavaFX Application Thread] DEBUG PhysicsWorld         - Clearing physics world
13:30:45.261 [FXGL Background Thread 4 ] DEBUG FXGLApplication      - Initializing game
13:30:45.261 [JavaFX Application Thread] DEBUG FXGLApplication      - Registering font factories with UI factory
13:30:45.283 [FXGL Background Thread 4 ] INFO  FXGLApplication      - Game initialization took: 0,022 sec
13:30:45.298 [JavaFX Application Thread] DEBUG Input                - Clearing active input actions
13:30:45.305 [JavaFX Application Thread] DEBUG GameApplicationServi - Removing overlay from FXGLLoadingScene and adding to GameScene
13:30:45.305 [JavaFX Application Thread] DEBUG PrimaryStageWindow   - FXGLLoadingScene -> GameScene
13:30:45.657 [FXGL Background Thread 2 ] INFO  UpdaterService       - Your current version:  17.1
13:30:45.657 [FXGL Background Thread 2 ] INFO  UpdaterService       - Latest stable version: 17.2
13:30:48.186 [FXGL Background Thread 3 ] DEBUG Engine               - Logging environment variables
13:30:48.186 [FXGL Background Thread 3 ] DEBUG Engine               - achievements: []
13:30:48.186 [FXGL Background Thread 3 ] DEBUG Engine               - actualHeight: 600.0
13:30:48.186 [FXGL Background Thread 3 ] DEBUG Engine               - actualHeightProperty: ReadOnlyDoubleProperty [value: 600.0]
13:30:48.186 [FXGL Background Thread 3 ] DEBUG Engine               - actualWidth: 800.0
13:30:48.187 [FXGL Background Thread 3 ] DEBUG Engine               - actualWidthProperty: ReadOnlyDoubleProperty [value: 800.0]
13:30:48.187 [FXGL Background Thread 3 ] DEBUG Engine               - appIcon: fxgl_icon.png
13:30:48.187 [FXGL Background Thread 3 ] DEBUG Engine               - applicationMode: DEVELOPER
13:30:48.187 [FXGL Background Thread 3 ] DEBUG Engine               - cSSList: [fxgl_dark.css]
13:30:48.187 [FXGL Background Thread 3 ] DEBUG Engine               - collisionDetectionStrategy: BRUTE_FORCE
13:30:48.187 [FXGL Background Thread 3 ] DEBUG Engine               - configClass: Optional.empty
13:30:48.187 [FXGL Background Thread 3 ] DEBUG Engine               - credits: []
13:30:48.187 [FXGL Background Thread 3 ] DEBUG Engine               - defaultCursor: CursorInfo(imageName=fxgl_default_cursor.png, hotspotX=7.0, hotspotY=6.0)
13:30:48.187 [FXGL Background Thread 3 ] DEBUG Engine               - devBBoxColorProperty: ObjectProperty [value: 0xff0000ff]
13:30:48.187 [FXGL Background Thread 3 ] DEBUG Engine               - devEnableDebugCameraProperty: BooleanProperty [value: false]
13:30:48.187 [FXGL Background Thread 3 ] DEBUG Engine               - devSensorColorProperty: ObjectProperty [value: 0xffff00ff]
13:30:48.187 [FXGL Background Thread 3 ] DEBUG Engine               - devShowBBoxProperty: BooleanProperty [value: false]
13:30:48.187 [FXGL Background Thread 3 ] DEBUG Engine               - devShowPositionProperty: BooleanProperty [value: false]
13:30:48.187 [FXGL Background Thread 3 ] DEBUG Engine               - enabledMenuItems: []
13:30:48.187 [FXGL Background Thread 3 ] DEBUG Engine               - engineServices: [class com.almasb.fxgl.app.services.FXGLAssetLoaderService, class com.almasb.fxgl.app.FXGLApplication$GameApplicationService, class com.almasb.fxgl.app.services.FXGLDialogService, class com.almasb.fxgl.app.services.IOTaskExecutorService, class com.almasb.fxgl.io.FileSystemService, class com.almasb.fxgl.localization.LocalizationService, class com.almasb.fxgl.app.services.SystemBundleService, class com.almasb.fxgl.profile.SaveLoadService, class com.almasb.fxgl.ui.FXGLUIFactoryServiceProvider, class com.almasb.fxgl.ui.FXGLDialogFactoryServiceProvider, class com.almasb.fxgl.audio.AudioPlayer, class com.almasb.fxgl.notification.impl.NotificationServiceProvider, class com.almasb.fxgl.achievement.AchievementService, class com.almasb.fxgl.cutscene.CutsceneService, class com.almasb.fxgl.minigames.MiniGameService, class com.almasb.fxgl.net.NetService, class com.almasb.fxgl.app.services.UpdaterService, class com.almasb.fxgl.dev.DevService]
13:30:48.188 [FXGL Background Thread 3 ] DEBUG Engine               - fontGame: Abel-Regular.ttf
13:30:48.188 [FXGL Background Thread 3 ] DEBUG Engine               - fontMono: TerminalLandMono-Regular.otf
13:30:48.188 [FXGL Background Thread 3 ] DEBUG Engine               - fontText: Courier-Prime.ttf
13:30:48.188 [FXGL Background Thread 3 ] DEBUG Engine               - fontUI: VarelaRound-Regular.ttf
13:30:48.188 [FXGL Background Thread 3 ] DEBUG Engine               - fullScreen: BooleanProperty [value: false]
13:30:48.188 [FXGL Background Thread 3 ] DEBUG Engine               - gameDifficulty: MEDIUM
13:30:48.188 [FXGL Background Thread 3 ] DEBUG Engine               - gameDifficultyProperty: ObjectProperty [value: MEDIUM]
13:30:48.188 [FXGL Background Thread 3 ] DEBUG Engine               - globalMusicVolume: 0.5
13:30:48.188 [FXGL Background Thread 3 ] DEBUG Engine               - globalMusicVolumeProperty: DoubleProperty [value: 0.5]
13:30:48.188 [FXGL Background Thread 3 ] DEBUG Engine               - globalSoundVolume: 0.5
13:30:48.188 [FXGL Background Thread 3 ] DEBUG Engine               - globalSoundVolumeProperty: DoubleProperty [value: 0.5]
13:30:48.188 [FXGL Background Thread 3 ] DEBUG Engine               - height: 600
13:30:48.188 [FXGL Background Thread 3 ] DEBUG Engine               - is3D: false
13:30:48.188 [FXGL Background Thread 3 ] DEBUG Engine               - isAndroid: false
13:30:48.188 [FXGL Background Thread 3 ] DEBUG Engine               - isBrowser: false
13:30:48.188 [FXGL Background Thread 3 ] DEBUG Engine               - isClickFeedbackEnabled: false
13:30:48.188 [FXGL Background Thread 3 ] DEBUG Engine               - isCloseConfirmation: false
13:30:48.188 [FXGL Background Thread 3 ] DEBUG Engine               - isDesktop: true
13:30:48.188 [FXGL Background Thread 3 ] DEBUG Engine               - isDeveloperMenuEnabled: false
13:30:48.188 [FXGL Background Thread 3 ] DEBUG Engine               - isEmbedded: false
13:30:48.188 [FXGL Background Thread 3 ] DEBUG Engine               - isEntityPreloadEnabled: true
13:30:48.188 [FXGL Background Thread 3 ] DEBUG Engine               - isExperimentalTiledLargeMap: false
13:30:48.189 [FXGL Background Thread 3 ] DEBUG Engine               - isFileSystemWriteAllowed: true
13:30:48.189 [FXGL Background Thread 3 ] DEBUG Engine               - isFullScreenAllowed: false
13:30:48.189 [FXGL Background Thread 3 ] DEBUG Engine               - isFullScreenFromStart: false
13:30:48.189 [FXGL Background Thread 3 ] DEBUG Engine               - isGameMenuEnabled: true
13:30:48.189 [FXGL Background Thread 3 ] DEBUG Engine               - isIOS: false
13:30:48.189 [FXGL Background Thread 3 ] DEBUG Engine               - isIntroEnabled: false
13:30:48.189 [FXGL Background Thread 3 ] DEBUG Engine               - isLinux: false
13:30:48.189 [FXGL Background Thread 3 ] DEBUG Engine               - isMac: false
13:30:48.189 [FXGL Background Thread 3 ] DEBUG Engine               - isMainMenuEnabled: false
13:30:48.189 [FXGL Background Thread 3 ] DEBUG Engine               - isManualResizeEnabled: false
13:30:48.189 [FXGL Background Thread 3 ] DEBUG Engine               - isMobile: false
13:30:48.189 [FXGL Background Thread 3 ] DEBUG Engine               - isNative: false
13:30:48.189 [FXGL Background Thread 3 ] DEBUG Engine               - isPauseMusicWhenMinimized: true
13:30:48.189 [FXGL Background Thread 3 ] DEBUG Engine               - isPreserveResizeRatio: false
13:30:48.189 [FXGL Background Thread 3 ] DEBUG Engine               - isProfilingEnabled: false
13:30:48.189 [FXGL Background Thread 3 ] DEBUG Engine               - isScaleAffectedOnResize: true
13:30:48.189 [FXGL Background Thread 3 ] DEBUG Engine               - isSingleStep: false
13:30:48.189 [FXGL Background Thread 3 ] DEBUG Engine               - isUserProfileEnabled: false
13:30:48.189 [FXGL Background Thread 3 ] DEBUG Engine               - isWindows: true
13:30:48.189 [FXGL Background Thread 3 ] DEBUG Engine               - language: ObjectProperty [value: ENGLISH]
13:30:48.189 [FXGL Background Thread 3 ] DEBUG Engine               - menuKey: ESCAPE
13:30:48.189 [FXGL Background Thread 3 ] DEBUG Engine               - mouseSensitivity: 0.2
13:30:48.190 [FXGL Background Thread 3 ] DEBUG Engine               - notificationViewClass: class com.almasb.fxgl.notification.view.XboxNotificationView
13:30:48.190 [FXGL Background Thread 3 ] DEBUG Engine               - pixelsPerMeter: 50.0
13:30:48.190 [FXGL Background Thread 3 ] DEBUG Engine               - platform: WINDOWS
13:30:48.190 [FXGL Background Thread 3 ] DEBUG Engine               - prefHeightProperty: ReadOnlyDoubleProperty [value: 600.0]
13:30:48.190 [FXGL Background Thread 3 ] DEBUG Engine               - prefWidthProperty: ReadOnlyDoubleProperty [value: 800.0]
13:30:48.190 [FXGL Background Thread 3 ] DEBUG Engine               - profileDir: profiles/
13:30:48.190 [FXGL Background Thread 3 ] DEBUG Engine               - profileName: StringProperty [value: DEFAULT]
13:30:48.190 [FXGL Background Thread 3 ] DEBUG Engine               - randomSeed: -1
13:30:48.190 [FXGL Background Thread 3 ] DEBUG Engine               - runtimeInfo: RuntimeInfo(platform=WINDOWS, version=17.1, build=24.03.2022 17.34)
13:30:48.190 [FXGL Background Thread 3 ] DEBUG Engine               - saveFileExt: sav
13:30:48.190 [FXGL Background Thread 3 ] DEBUG Engine               - scaledHeightProp$fxgl: DoubleProperty [bound, value: 600.0]
13:30:48.190 [FXGL Background Thread 3 ] DEBUG Engine               - scaledWidthProp$fxgl: DoubleProperty [bound, value: 800.0]
13:30:48.190 [FXGL Background Thread 3 ] DEBUG Engine               - sceneFactory: com.almasb.fxgl.app.scene.SceneFactory@4eca7ccc
13:30:48.190 [FXGL Background Thread 3 ] DEBUG Engine               - secondsIn24h: 60
13:30:48.190 [FXGL Background Thread 3 ] DEBUG Engine               - soundMenuBack: menu/back.wav
13:30:48.191 [FXGL Background Thread 3 ] DEBUG Engine               - soundMenuPress: menu/press.wav
13:30:48.191 [FXGL Background Thread 3 ] DEBUG Engine               - soundMenuSelect: menu/select.wav
13:30:48.191 [FXGL Background Thread 3 ] DEBUG Engine               - soundNotification: core/notification.wav
13:30:48.191 [FXGL Background Thread 3 ] DEBUG Engine               - stageStyle: DECORATED
13:30:48.191 [FXGL Background Thread 3 ] DEBUG Engine               - supportedLanguages: [ENGLISH, FRENCH, GERMAN, HUNGARIAN, RUSSIAN]
13:30:48.191 [FXGL Background Thread 3 ] DEBUG Engine               - ticksPerSecond: -1
13:30:48.191 [FXGL Background Thread 3 ] DEBUG Engine               - title: First game
13:30:48.191 [FXGL Background Thread 3 ] DEBUG Engine               - urlGithub: https://github.com/AlmasB/FXGL
13:30:48.191 [FXGL Background Thread 3 ] DEBUG Engine               - urlLeaderboard: http://fxgl-top.herokuapp.com/
13:30:48.191 [FXGL Background Thread 3 ] DEBUG Engine               - urlPOM: https://raw.githubusercontent.com/AlmasB/FXGL/release/README.md
13:30:48.191 [FXGL Background Thread 3 ] DEBUG Engine               - userAppClass: class fr.mamz.launcher.HelloApplication
13:30:48.191 [FXGL Background Thread 3 ] DEBUG Engine               - version: 0.0
13:30:48.191 [FXGL Background Thread 3 ] DEBUG Engine               - versionCheckDays: 7
13:30:48.191 [FXGL Background Thread 3 ] DEBUG Engine               - width: 800
13:30:48.191 [FXGL Background Thread 3 ] DEBUG Engine               - Logging services
13:30:48.191 [FXGL Background Thread 3 ] DEBUG Engine               - class com.almasb.fxgl.app.services.FXGLAssetLoaderService
13:30:48.191 [FXGL Background Thread 3 ] DEBUG Engine               - class com.almasb.fxgl.app.FXGLApplication$GameApplicationService
13:30:48.191 [FXGL Background Thread 3 ] DEBUG Engine               - class com.almasb.fxgl.app.services.FXGLDialogService
13:30:48.191 [FXGL Background Thread 3 ] DEBUG Engine               - class com.almasb.fxgl.app.services.IOTaskExecutorService
13:30:48.191 [FXGL Background Thread 3 ] DEBUG Engine               - class com.almasb.fxgl.io.FileSystemService
13:30:48.191 [FXGL Background Thread 3 ] DEBUG Engine               - class com.almasb.fxgl.localization.LocalizationService
13:30:48.191 [FXGL Background Thread 3 ] DEBUG Engine               - class com.almasb.fxgl.app.services.SystemBundleService
13:30:48.191 [FXGL Background Thread 3 ] DEBUG Engine               - class com.almasb.fxgl.profile.SaveLoadService
13:30:48.191 [FXGL Background Thread 3 ] DEBUG Engine               - class com.almasb.fxgl.ui.FXGLUIFactoryServiceProvider
13:30:48.191 [FXGL Background Thread 3 ] DEBUG Engine               - class com.almasb.fxgl.ui.FXGLDialogFactoryServiceProvider
13:30:48.192 [FXGL Background Thread 3 ] DEBUG Engine               - class com.almasb.fxgl.audio.AudioPlayer
13:30:48.192 [FXGL Background Thread 3 ] DEBUG Engine               - class com.almasb.fxgl.notification.impl.NotificationServiceProvider
13:30:48.192 [FXGL Background Thread 3 ] DEBUG Engine               - class com.almasb.fxgl.achievement.AchievementService
13:30:48.192 [FXGL Background Thread 3 ] DEBUG Engine               - class com.almasb.fxgl.cutscene.CutsceneService
13:30:48.192 [FXGL Background Thread 3 ] DEBUG Engine               - class com.almasb.fxgl.minigames.MiniGameService
13:30:48.192 [FXGL Background Thread 3 ] DEBUG Engine               - class com.almasb.fxgl.net.NetService
13:30:48.192 [FXGL Background Thread 3 ] DEBUG Engine               - class com.almasb.fxgl.app.services.UpdaterService
13:30:48.192 [FXGL Background Thread 3 ] DEBUG Engine               - class com.almasb.fxgl.dev.DevService
13:30:54.675 [JavaFX Application Thread] DEBUG PrimaryStageWindow   - Push state: DialogSubScene
13:30:54.675 [JavaFX Application Thread] DEBUG Input                - Clearing active input actions
13:30:54.678 [JavaFX Application Thread] DEBUG GameApplicationServi - Removing overlay from GameScene and adding to DialogSubScene
13:30:54.678 [JavaFX Application Thread] DEBUG PrimaryStageWindow   - GameScene -> DialogSubScene
13:30:55.949 [JavaFX Application Thread] DEBUG PrimaryStageWindow   - Pop state: DialogSubScene
13:30:55.949 [JavaFX Application Thread] DEBUG Input                - Clearing active input actions
13:30:55.949 [JavaFX Application Thread] DEBUG GameApplicationServi - Removing overlay from DialogSubScene and adding to GameScene
13:30:55.950 [JavaFX Application Thread] DEBUG PrimaryStageWindow   - GameScene <- DialogSubScene
13:30:55.950 [JavaFX Application Thread] DEBUG GameApplicationServi - Starting new game
13:30:55.950 [JavaFX Application Thread] DEBUG Input                - Clearing active input actions
13:30:55.954 [JavaFX Application Thread] DEBUG GameApplicationServi - Removing overlay from GameScene and adding to FXGLLoadingScene
13:30:55.954 [JavaFX Application Thread] DEBUG PrimaryStageWindow   - GameScene -> FXGLLoadingScene
13:30:55.954 [JavaFX Application Thread] DEBUG GameApplicationServi - Clearing previous game
13:30:55.954 [JavaFX Application Thread] DEBUG GameScene            - Clearing game scene
13:30:55.954 [JavaFX Application Thread] DEBUG GameWorld            - Clearing game world
13:30:55.955 [JavaFX Application Thread] DEBUG PhysicsWorld         - Clearing physics world
13:30:55.955 [FXGL Background Thread 2 ] DEBUG FXGLApplication      - Initializing game
13:30:55.956 [FXGL Background Thread 2 ] INFO  FXGLApplication      - Game initialization took: 0,001 sec
13:30:55.958 [JavaFX Application Thread] DEBUG Input                - Clearing active input actions
13:30:55.962 [JavaFX Application Thread] DEBUG GameApplicationServi - Removing overlay from FXGLLoadingScene and adding to GameScene
13:30:55.963 [JavaFX Application Thread] DEBUG PrimaryStageWindow   - FXGLLoadingScene -> GameScene
13:31:21.604 [JavaFX Application Thread] DEBUG FXGLApplication      - Exiting FXGL
13:31:21.605 [JavaFX Application Thread] DEBUG LoopRunner           - Stopping loop
13:31:21.605 [JavaFX Application Thread] DEBUG SystemBundleService  - Saving FXGL system data
13:31:21.609 [JavaFX Application Thread] DEBUG FileSystemAccess     - Writing to: U:\PROJET PERSO\Launcher\system\fxgl.bundle
13:31:21.617 [JavaFX Application Thread] DEBUG Async                - Shutting down background threads
13:31:21.618 [JavaFX Application Thread] DEBUG PrimaryStageWindow   - Closing main window
13:31:21.628 [JavaFX Application Thread] DEBUG Logger               - Closing Logger
