16:54:24.188 [main                     ] DEBUG Logger               - Configured Logger
16:54:24.223 [main                     ] DEBUG GameApplication      - Logging settings
Title: First game
Version: 0.0
Width: 800
Height: 600
Fullscreen: false
Intro: false
Profiling: false
Single step:false
App Mode: DEVELOPER
Menu Key: ESCAPE
Stage Style: DECORATED
Scene Factory: class com.almasb.fxgl.app.scene.SceneFactory

16:54:24.530 [JavaFX Application Thread] DEBUG FXGLApplication      - Initializing FXGL
16:54:24.535 [JavaFX Application Thread] INFO  Engine               - FXGL-17.1 (24.03.2022 17.34) on WINDOWS (J:18.0.2.1 FX:18.0.1)
16:54:24.535 [JavaFX Application Thread] DEBUG Engine               - JRE Vendor Name: Oracle Corporation
16:54:24.535 [JavaFX Application Thread] DEBUG Engine               - Running on OS: Windows 10 version 10.0
16:54:24.535 [JavaFX Application Thread] DEBUG Engine               - Architecture: amd64
16:54:24.535 [JavaFX Application Thread] INFO  Engine               - Source code and latest versions at: https://github.com/AlmasB/FXGL
16:54:24.536 [JavaFX Application Thread] INFO  Engine               -       Ask questions and discuss at: https://github.com/AlmasB/FXGL/discussions
16:54:24.536 [JavaFX Application Thread] INFO  Engine               -              Join the FXGL chat at: https://gitter.im/AlmasB/FXGL
16:54:24.596 [JavaFX Application Thread] DEBUG PrimaryStageWindow   - Creating a JavaFX scene
16:54:24.631 [JavaFX Application Thread] DEBUG PrimaryStageWindow   - Target settings size: 800.0 x 600.0
16:54:24.631 [JavaFX Application Thread] DEBUG PrimaryStageWindow   - Scaled scene size:    800.0 x 600.0
16:54:24.632 [JavaFX Application Thread] DEBUG PrimaryStageWindow   - Scaled ratio: (1.0, 1.0)
16:54:24.632 [JavaFX Application Thread] DEBUG PrimaryStageWindow   - Set initial scene to FXGLStartupScene
16:54:24.638 [JavaFX Application Thread] DEBUG PrimaryStageWindow   - Opening main window
16:54:24.700 [JavaFX Application Thread] DEBUG PrimaryStageWindow   - Window border size: (14.66668701171875, 37.33331298828125)
16:54:24.701 [JavaFX Application Thread] DEBUG PrimaryStageWindow   - Scaled size: 800.0 x 600.0
16:54:24.701 [JavaFX Application Thread] DEBUG PrimaryStageWindow   - Scaled ratio: (1.0, 1.0)
16:54:24.701 [JavaFX Application Thread] DEBUG PrimaryStageWindow   - Scene size: 800.0 x 600.0
16:54:24.701 [JavaFX Application Thread] DEBUG PrimaryStageWindow   - Stage size: 814.6666870117188 x 637.3333129882812
16:54:24.707 [FXGL Background Thread 1 ] DEBUG Engine               - Initializing environment variables
16:54:24.753 [FXGL Background Thread 1 ] DEBUG FXGLAssetLoaderServi - User app class for loading assets: class fr.mamz.launcher.HelloApplication
16:54:24.753 [FXGL Background Thread 1 ] DEBUG GameApplicationServi - Applying CSS: fxgl_dark.css
16:54:24.754 [FXGL Background Thread 1 ] DEBUG FXGLAssetLoaderServi - Loading from file system: jar:file:///C:/Users/yquilliard/.gradle/caches/modules-2/files-2.1/com.github.almasb/fxgl/17.1/2a9509aedf54954c9b13849c18c6f495a81c542d/fxgl-17.1.jar!/fxglassets/ui/css/fxgl_dark.css
16:54:24.788 [FXGL Background Thread 1 ] DEBUG GameApplicationServi - Initializing application scenes
16:54:24.816 [FXGL Background Thread 1 ] DEBUG GameWorld            - Game world initialized
16:54:24.863 [FXGL Background Thread 1 ] DEBUG PhysicsWorld         - Physics world initialized: appHeight=600, physics.ppm=50,0
16:54:24.863 [FXGL Background Thread 1 ] DEBUG PhysicsWorld         - Using strategy: BRUTE_FORCE
16:54:24.868 [FXGL Background Thread 1 ] DEBUG GameScene            - Game scene initialized: 800x600
16:54:24.882 [FXGL Background Thread 1 ] DEBUG FXGL.DefaultMenu     - createMenuBodyGameMenu()
16:54:24.892 [FXGL Background Thread 1 ] DEBUG FXGL.DefaultMenu     - createOptionsMenu()
16:54:24.900 [FXGL Background Thread 1 ] DEBUG FXGLAssetLoaderServi - Loading from file system: jar:file:///C:/Users/yquilliard/.gradle/caches/modules-2/files-2.1/com.github.almasb/fxgl/17.1/2a9509aedf54954c9b13849c18c6f495a81c542d/fxgl-17.1.jar!/fxglassets/textures/particles/smoke.png
16:54:24.969 [FXGL Background Thread 1 ] DEBUG FXGLAssetLoaderServi - Loading from file system: jar:file:///C:/Users/yquilliard/.gradle/caches/modules-2/files-2.1/com.github.almasb/fxgl/17.1/2a9509aedf54954c9b13849c18c6f495a81c542d/fxgl-17.1.jar!/fxglassets/textures/particles/trace_horizontal.png
16:54:24.990 [FXGL Background Thread 1 ] DEBUG GameApplicationServi - Application scenes initialized
16:54:25.000 [FXGL Background Thread 1 ] DEBUG SystemBundleService  - Loading FXGL system data
16:54:25.006 [FXGL Background Thread 1 ] DEBUG FileSystemAccess     - Reading from: U:\PROJET PERSO\Launcher\system\fxgl.bundle
16:54:25.015 [FXGL Background Thread 1 ] DEBUG SystemBundleService  - Bundle FXGL: {}
16:54:25.016 [FXGL Background Thread 1 ] DEBUG UpdaterService       - Checking for updates
16:54:25.021 [FXGL Background Thread 4 ] DEBUG FXGLApplication      - Loading fonts
16:54:25.021 [FXGL Background Thread 1 ] DEBUG FXGLApplication      - Loading default localization
16:54:25.021 [FXGL Background Thread 4 ] DEBUG FXGLAssetLoaderServi - Loading from file system: jar:file:///C:/Users/yquilliard/.gradle/caches/modules-2/files-2.1/com.github.almasb/fxgl/17.1/2a9509aedf54954c9b13849c18c6f495a81c542d/fxgl-17.1.jar!/fxglassets/ui/fonts/VarelaRound-Regular.ttf
16:54:25.021 [FXGL Background Thread 1 ] DEBUG FXGLAssetLoaderServi - Loading from file system: jar:file:///C:/Users/yquilliard/.gradle/caches/modules-2/files-2.1/com.github.almasb/fxgl/17.1/2a9509aedf54954c9b13849c18c6f495a81c542d/fxgl-17.1.jar!/fxglassets/languages/english.lang
16:54:25.045 [FXGL Background Thread 1 ] INFO  FXGLApplication      - FXGL initialization took: 0,338 sec
16:54:25.056 [JavaFX Application Thread] DEBUG Input                - Registered new binding: action0 - Z
16:54:25.057 [JavaFX Application Thread] DEBUG Input                - Registered new binding: action1 - Q
16:54:25.057 [JavaFX Application Thread] DEBUG Input                - Registered new binding: action2 - S
16:54:25.057 [JavaFX Application Thread] DEBUG Input                - Registered new binding: action3 - D
16:54:25.059 [JavaFX Application Thread] DEBUG Input                - Registered new binding: action4 - LMB
16:54:25.060 [JavaFX Application Thread] DEBUG FXGLAssetLoaderServi - Loading from file system: jar:file:///C:/Users/yquilliard/.gradle/caches/modules-2/files-2.1/com.github.almasb/fxgl/17.1/2a9509aedf54954c9b13849c18c6f495a81c542d/fxgl-17.1.jar!/fxglassets/textures/fxgl_icon.png
16:54:25.066 [FXGL Background Thread 4 ] DEBUG FXGLAssetLoaderServi - Loading from file system: jar:file:///C:/Users/yquilliard/.gradle/caches/modules-2/files-2.1/com.github.almasb/fxgl/17.1/2a9509aedf54954c9b13849c18c6f495a81c542d/fxgl-17.1.jar!/fxglassets/ui/fonts/Abel-Regular.ttf
16:54:25.069 [FXGL Background Thread 4 ] DEBUG FXGLAssetLoaderServi - Loading from file system: jar:file:///C:/Users/yquilliard/.gradle/caches/modules-2/files-2.1/com.github.almasb/fxgl/17.1/2a9509aedf54954c9b13849c18c6f495a81c542d/fxgl-17.1.jar!/fxglassets/ui/fonts/TerminalLandMono-Regular.otf
16:54:25.073 [FXGL Background Thread 4 ] DEBUG FXGLAssetLoaderServi - Loading from file system: jar:file:///C:/Users/yquilliard/.gradle/caches/modules-2/files-2.1/com.github.almasb/fxgl/17.1/2a9509aedf54954c9b13849c18c6f495a81c542d/fxgl-17.1.jar!/fxglassets/ui/fonts/Courier-Prime.ttf
16:54:25.074 [JavaFX Application Thread] DEBUG FXGLAssetLoaderServi - Loading from file system: jar:file:///C:/Users/yquilliard/.gradle/caches/modules-2/files-2.1/com.github.almasb/fxgl/17.1/2a9509aedf54954c9b13849c18c6f495a81c542d/fxgl-17.1.jar!/fxglassets/textures/fxgl_default_cursor.png
16:54:25.076 [JavaFX Application Thread] DEBUG Input                - Registered new binding: Screenshot - CTRL+8
16:54:25.077 [JavaFX Application Thread] DEBUG Input                - Registered new binding: System info dump - CTRL+9
16:54:25.077 [JavaFX Application Thread] DEBUG Input                - Registered new binding: Restart - CTRL+R
16:54:25.078 [JavaFX Application Thread] DEBUG Input                - Registered new binding: Toggle Debug Camera - CTRL+7
16:54:25.079 [JavaFX Application Thread] DEBUG LoopRunner           - Starting loop
16:54:25.079 [JavaFX Application Thread] DEBUG LoopRunner           - Initializing JavaFX AnimationTimerLoop
16:54:25.080 [JavaFX Application Thread] DEBUG GameApplicationServi - Starting new game
16:54:25.081 [JavaFX Application Thread] DEBUG Input                - Clearing active input actions
16:54:25.088 [JavaFX Application Thread] DEBUG GameApplicationServi - Removing overlay from FXGLStartupScene and adding to FXGLLoadingScene
16:54:25.089 [JavaFX Application Thread] DEBUG PrimaryStageWindow   - FXGLStartupScene -> FXGLLoadingScene
16:54:25.089 [JavaFX Application Thread] DEBUG GameApplicationServi - Clearing previous game
16:54:25.089 [JavaFX Application Thread] DEBUG GameScene            - Clearing game scene
16:54:25.089 [JavaFX Application Thread] DEBUG GameWorld            - Clearing game world
16:54:25.089 [JavaFX Application Thread] DEBUG PhysicsWorld         - Clearing physics world
16:54:25.090 [FXGL Background Thread 4 ] DEBUG FXGLApplication      - Initializing game
16:54:25.092 [JavaFX Application Thread] DEBUG FXGLApplication      - Registering font factories with UI factory
16:54:25.113 [FXGL Background Thread 4 ] INFO  FXGLApplication      - Game initialization took: 0,023 sec
16:54:25.129 [JavaFX Application Thread] DEBUG Input                - Clearing active input actions
16:54:25.133 [JavaFX Application Thread] DEBUG GameApplicationServi - Removing overlay from FXGLLoadingScene and adding to GameScene
16:54:25.133 [JavaFX Application Thread] DEBUG PrimaryStageWindow   - FXGLLoadingScene -> GameScene
16:54:26.034 [FXGL Background Thread 2 ] INFO  UpdaterService       - Your current version:  17.1
16:54:26.034 [FXGL Background Thread 2 ] INFO  UpdaterService       - Latest stable version: 17.2
16:54:28.010 [FXGL Background Thread 3 ] DEBUG Engine               - Logging environment variables
16:54:28.011 [FXGL Background Thread 3 ] DEBUG Engine               - achievements: []
16:54:28.011 [FXGL Background Thread 3 ] DEBUG Engine               - actualHeight: 600.0
16:54:28.011 [FXGL Background Thread 3 ] DEBUG Engine               - actualHeightProperty: ReadOnlyDoubleProperty [value: 600.0]
16:54:28.011 [FXGL Background Thread 3 ] DEBUG Engine               - actualWidth: 800.0
16:54:28.011 [FXGL Background Thread 3 ] DEBUG Engine               - actualWidthProperty: ReadOnlyDoubleProperty [value: 800.0]
16:54:28.011 [FXGL Background Thread 3 ] DEBUG Engine               - appIcon: fxgl_icon.png
16:54:28.011 [FXGL Background Thread 3 ] DEBUG Engine               - applicationMode: DEVELOPER
16:54:28.011 [FXGL Background Thread 3 ] DEBUG Engine               - cSSList: [fxgl_dark.css]
16:54:28.011 [FXGL Background Thread 3 ] DEBUG Engine               - collisionDetectionStrategy: BRUTE_FORCE
16:54:28.011 [FXGL Background Thread 3 ] DEBUG Engine               - configClass: Optional.empty
16:54:28.011 [FXGL Background Thread 3 ] DEBUG Engine               - credits: []
16:54:28.012 [FXGL Background Thread 3 ] DEBUG Engine               - defaultCursor: CursorInfo(imageName=fxgl_default_cursor.png, hotspotX=7.0, hotspotY=6.0)
16:54:28.012 [FXGL Background Thread 3 ] DEBUG Engine               - devBBoxColorProperty: ObjectProperty [value: 0xff0000ff]
16:54:28.012 [FXGL Background Thread 3 ] DEBUG Engine               - devEnableDebugCameraProperty: BooleanProperty [value: false]
16:54:28.012 [FXGL Background Thread 3 ] DEBUG Engine               - devSensorColorProperty: ObjectProperty [value: 0xffff00ff]
16:54:28.012 [FXGL Background Thread 3 ] DEBUG Engine               - devShowBBoxProperty: BooleanProperty [value: false]
16:54:28.012 [FXGL Background Thread 3 ] DEBUG Engine               - devShowPositionProperty: BooleanProperty [value: false]
16:54:28.012 [FXGL Background Thread 3 ] DEBUG Engine               - enabledMenuItems: []
16:54:28.012 [FXGL Background Thread 3 ] DEBUG Engine               - engineServices: [class com.almasb.fxgl.app.services.FXGLAssetLoaderService, class com.almasb.fxgl.app.FXGLApplication$GameApplicationService, class com.almasb.fxgl.app.services.FXGLDialogService, class com.almasb.fxgl.app.services.IOTaskExecutorService, class com.almasb.fxgl.io.FileSystemService, class com.almasb.fxgl.localization.LocalizationService, class com.almasb.fxgl.app.services.SystemBundleService, class com.almasb.fxgl.profile.SaveLoadService, class com.almasb.fxgl.ui.FXGLUIFactoryServiceProvider, class com.almasb.fxgl.ui.FXGLDialogFactoryServiceProvider, class com.almasb.fxgl.audio.AudioPlayer, class com.almasb.fxgl.notification.impl.NotificationServiceProvider, class com.almasb.fxgl.achievement.AchievementService, class com.almasb.fxgl.cutscene.CutsceneService, class com.almasb.fxgl.minigames.MiniGameService, class com.almasb.fxgl.net.NetService, class com.almasb.fxgl.app.services.UpdaterService, class com.almasb.fxgl.dev.DevService]
16:54:28.012 [FXGL Background Thread 3 ] DEBUG Engine               - fontGame: Abel-Regular.ttf
16:54:28.012 [FXGL Background Thread 3 ] DEBUG Engine               - fontMono: TerminalLandMono-Regular.otf
16:54:28.012 [FXGL Background Thread 3 ] DEBUG Engine               - fontText: Courier-Prime.ttf
16:54:28.012 [FXGL Background Thread 3 ] DEBUG Engine               - fontUI: VarelaRound-Regular.ttf
16:54:28.012 [FXGL Background Thread 3 ] DEBUG Engine               - fullScreen: BooleanProperty [value: false]
16:54:28.012 [FXGL Background Thread 3 ] DEBUG Engine               - gameDifficulty: MEDIUM
16:54:28.012 [FXGL Background Thread 3 ] DEBUG Engine               - gameDifficultyProperty: ObjectProperty [value: MEDIUM]
16:54:28.012 [FXGL Background Thread 3 ] DEBUG Engine               - globalMusicVolume: 0.5
16:54:28.013 [FXGL Background Thread 3 ] DEBUG Engine               - globalMusicVolumeProperty: DoubleProperty [value: 0.5]
16:54:28.013 [FXGL Background Thread 3 ] DEBUG Engine               - globalSoundVolume: 0.5
16:54:28.013 [FXGL Background Thread 3 ] DEBUG Engine               - globalSoundVolumeProperty: DoubleProperty [value: 0.5]
16:54:28.013 [FXGL Background Thread 3 ] DEBUG Engine               - height: 600
16:54:28.013 [FXGL Background Thread 3 ] DEBUG Engine               - is3D: false
16:54:28.013 [FXGL Background Thread 3 ] DEBUG Engine               - isAndroid: false
16:54:28.013 [FXGL Background Thread 3 ] DEBUG Engine               - isBrowser: false
16:54:28.013 [FXGL Background Thread 3 ] DEBUG Engine               - isClickFeedbackEnabled: false
16:54:28.013 [FXGL Background Thread 3 ] DEBUG Engine               - isCloseConfirmation: false
16:54:28.013 [FXGL Background Thread 3 ] DEBUG Engine               - isDesktop: true
16:54:28.013 [FXGL Background Thread 3 ] DEBUG Engine               - isDeveloperMenuEnabled: false
16:54:28.013 [FXGL Background Thread 3 ] DEBUG Engine               - isEmbedded: false
16:54:28.013 [FXGL Background Thread 3 ] DEBUG Engine               - isEntityPreloadEnabled: true
16:54:28.013 [FXGL Background Thread 3 ] DEBUG Engine               - isExperimentalTiledLargeMap: false
16:54:28.013 [FXGL Background Thread 3 ] DEBUG Engine               - isFileSystemWriteAllowed: true
16:54:28.013 [FXGL Background Thread 3 ] DEBUG Engine               - isFullScreenAllowed: false
16:54:28.013 [FXGL Background Thread 3 ] DEBUG Engine               - isFullScreenFromStart: false
16:54:28.013 [FXGL Background Thread 3 ] DEBUG Engine               - isGameMenuEnabled: true
16:54:28.013 [FXGL Background Thread 3 ] DEBUG Engine               - isIOS: false
16:54:28.013 [FXGL Background Thread 3 ] DEBUG Engine               - isIntroEnabled: false
16:54:28.013 [FXGL Background Thread 3 ] DEBUG Engine               - isLinux: false
16:54:28.014 [FXGL Background Thread 3 ] DEBUG Engine               - isMac: false
16:54:28.014 [FXGL Background Thread 3 ] DEBUG Engine               - isMainMenuEnabled: false
16:54:28.014 [FXGL Background Thread 3 ] DEBUG Engine               - isManualResizeEnabled: false
16:54:28.014 [FXGL Background Thread 3 ] DEBUG Engine               - isMobile: false
16:54:28.014 [FXGL Background Thread 3 ] DEBUG Engine               - isNative: false
16:54:28.014 [FXGL Background Thread 3 ] DEBUG Engine               - isPauseMusicWhenMinimized: true
16:54:28.014 [FXGL Background Thread 3 ] DEBUG Engine               - isPreserveResizeRatio: false
16:54:28.014 [FXGL Background Thread 3 ] DEBUG Engine               - isProfilingEnabled: false
16:54:28.014 [FXGL Background Thread 3 ] DEBUG Engine               - isScaleAffectedOnResize: true
16:54:28.014 [FXGL Background Thread 3 ] DEBUG Engine               - isSingleStep: false
16:54:28.014 [FXGL Background Thread 3 ] DEBUG Engine               - isUserProfileEnabled: false
16:54:28.014 [FXGL Background Thread 3 ] DEBUG Engine               - isWindows: true
16:54:28.014 [FXGL Background Thread 3 ] DEBUG Engine               - language: ObjectProperty [value: ENGLISH]
16:54:28.014 [FXGL Background Thread 3 ] DEBUG Engine               - menuKey: ESCAPE
16:54:28.014 [FXGL Background Thread 3 ] DEBUG Engine               - mouseSensitivity: 0.2
16:54:28.014 [FXGL Background Thread 3 ] DEBUG Engine               - notificationViewClass: class com.almasb.fxgl.notification.view.XboxNotificationView
16:54:28.014 [FXGL Background Thread 3 ] DEBUG Engine               - pixelsPerMeter: 50.0
16:54:28.014 [FXGL Background Thread 3 ] DEBUG Engine               - platform: WINDOWS
16:54:28.014 [FXGL Background Thread 3 ] DEBUG Engine               - prefHeightProperty: ReadOnlyDoubleProperty [value: 600.0]
16:54:28.014 [FXGL Background Thread 3 ] DEBUG Engine               - prefWidthProperty: ReadOnlyDoubleProperty [value: 800.0]
16:54:28.014 [FXGL Background Thread 3 ] DEBUG Engine               - profileDir: profiles/
16:54:28.015 [FXGL Background Thread 3 ] DEBUG Engine               - profileName: StringProperty [value: DEFAULT]
16:54:28.015 [FXGL Background Thread 3 ] DEBUG Engine               - randomSeed: -1
16:54:28.015 [FXGL Background Thread 3 ] DEBUG Engine               - runtimeInfo: RuntimeInfo(platform=WINDOWS, version=17.1, build=24.03.2022 17.34)
16:54:28.015 [FXGL Background Thread 3 ] DEBUG Engine               - saveFileExt: sav
16:54:28.015 [FXGL Background Thread 3 ] DEBUG Engine               - scaledHeightProp$fxgl: DoubleProperty [bound, value: 600.0]
16:54:28.015 [FXGL Background Thread 3 ] DEBUG Engine               - scaledWidthProp$fxgl: DoubleProperty [bound, value: 800.0]
16:54:28.015 [FXGL Background Thread 3 ] DEBUG Engine               - sceneFactory: com.almasb.fxgl.app.scene.SceneFactory@391dda25
16:54:28.015 [FXGL Background Thread 3 ] DEBUG Engine               - secondsIn24h: 60
16:54:28.015 [FXGL Background Thread 3 ] DEBUG Engine               - soundMenuBack: menu/back.wav
16:54:28.015 [FXGL Background Thread 3 ] DEBUG Engine               - soundMenuPress: menu/press.wav
16:54:28.015 [FXGL Background Thread 3 ] DEBUG Engine               - soundMenuSelect: menu/select.wav
16:54:28.015 [FXGL Background Thread 3 ] DEBUG Engine               - soundNotification: core/notification.wav
16:54:28.015 [FXGL Background Thread 3 ] DEBUG Engine               - stageStyle: DECORATED
16:54:28.015 [FXGL Background Thread 3 ] DEBUG Engine               - supportedLanguages: [ENGLISH, FRENCH, GERMAN, HUNGARIAN, RUSSIAN]
16:54:28.016 [FXGL Background Thread 3 ] DEBUG Engine               - ticksPerSecond: -1
16:54:28.016 [FXGL Background Thread 3 ] DEBUG Engine               - title: First game
16:54:28.016 [FXGL Background Thread 3 ] DEBUG Engine               - urlGithub: https://github.com/AlmasB/FXGL
16:54:28.016 [FXGL Background Thread 3 ] DEBUG Engine               - urlLeaderboard: http://fxgl-top.herokuapp.com/
16:54:28.016 [FXGL Background Thread 3 ] DEBUG Engine               - urlPOM: https://raw.githubusercontent.com/AlmasB/FXGL/release/README.md
16:54:28.016 [FXGL Background Thread 3 ] DEBUG Engine               - userAppClass: class fr.mamz.launcher.HelloApplication
16:54:28.016 [FXGL Background Thread 3 ] DEBUG Engine               - version: 0.0
16:54:28.016 [FXGL Background Thread 3 ] DEBUG Engine               - versionCheckDays: 7
16:54:28.016 [FXGL Background Thread 3 ] DEBUG Engine               - width: 800
16:54:28.016 [FXGL Background Thread 3 ] DEBUG Engine               - Logging services
16:54:28.016 [FXGL Background Thread 3 ] DEBUG Engine               - class com.almasb.fxgl.app.services.FXGLAssetLoaderService
16:54:28.016 [FXGL Background Thread 3 ] DEBUG Engine               - class com.almasb.fxgl.app.FXGLApplication$GameApplicationService
16:54:28.016 [FXGL Background Thread 3 ] DEBUG Engine               - class com.almasb.fxgl.app.services.FXGLDialogService
16:54:28.016 [FXGL Background Thread 3 ] DEBUG Engine               - class com.almasb.fxgl.app.services.IOTaskExecutorService
16:54:28.016 [FXGL Background Thread 3 ] DEBUG Engine               - class com.almasb.fxgl.io.FileSystemService
16:54:28.016 [FXGL Background Thread 3 ] DEBUG Engine               - class com.almasb.fxgl.localization.LocalizationService
16:54:28.016 [FXGL Background Thread 3 ] DEBUG Engine               - class com.almasb.fxgl.app.services.SystemBundleService
16:54:28.016 [FXGL Background Thread 3 ] DEBUG Engine               - class com.almasb.fxgl.profile.SaveLoadService
16:54:28.016 [FXGL Background Thread 3 ] DEBUG Engine               - class com.almasb.fxgl.ui.FXGLUIFactoryServiceProvider
16:54:28.016 [FXGL Background Thread 3 ] DEBUG Engine               - class com.almasb.fxgl.ui.FXGLDialogFactoryServiceProvider
16:54:28.016 [FXGL Background Thread 3 ] DEBUG Engine               - class com.almasb.fxgl.audio.AudioPlayer
16:54:28.016 [FXGL Background Thread 3 ] DEBUG Engine               - class com.almasb.fxgl.notification.impl.NotificationServiceProvider
16:54:28.016 [FXGL Background Thread 3 ] DEBUG Engine               - class com.almasb.fxgl.achievement.AchievementService
16:54:28.016 [FXGL Background Thread 3 ] DEBUG Engine               - class com.almasb.fxgl.cutscene.CutsceneService
16:54:28.017 [FXGL Background Thread 3 ] DEBUG Engine               - class com.almasb.fxgl.minigames.MiniGameService
16:54:28.017 [FXGL Background Thread 3 ] DEBUG Engine               - class com.almasb.fxgl.net.NetService
16:54:28.017 [FXGL Background Thread 3 ] DEBUG Engine               - class com.almasb.fxgl.app.services.UpdaterService
16:54:28.017 [FXGL Background Thread 3 ] DEBUG Engine               - class com.almasb.fxgl.dev.DevService
16:54:35.642 [JavaFX Application Thread] DEBUG PrimaryStageWindow   - Push state: DialogSubScene
16:54:35.643 [JavaFX Application Thread] DEBUG Input                - Clearing active input actions
16:54:35.645 [JavaFX Application Thread] DEBUG GameApplicationServi - Removing overlay from GameScene and adding to DialogSubScene
16:54:35.645 [JavaFX Application Thread] DEBUG PrimaryStageWindow   - GameScene -> DialogSubScene
16:54:42.139 [JavaFX Application Thread] DEBUG PrimaryStageWindow   - Pop state: DialogSubScene
16:54:42.139 [JavaFX Application Thread] DEBUG Input                - Clearing active input actions
16:54:42.140 [JavaFX Application Thread] DEBUG GameApplicationServi - Removing overlay from DialogSubScene and adding to GameScene
16:54:42.140 [JavaFX Application Thread] DEBUG PrimaryStageWindow   - GameScene <- DialogSubScene
16:54:42.140 [JavaFX Application Thread] DEBUG GameApplicationServi - Starting new game
16:54:42.140 [JavaFX Application Thread] DEBUG Input                - Clearing active input actions
16:54:42.145 [JavaFX Application Thread] DEBUG GameApplicationServi - Removing overlay from GameScene and adding to FXGLLoadingScene
16:54:42.145 [JavaFX Application Thread] DEBUG PrimaryStageWindow   - GameScene -> FXGLLoadingScene
16:54:42.145 [JavaFX Application Thread] DEBUG GameApplicationServi - Clearing previous game
16:54:42.145 [JavaFX Application Thread] DEBUG GameScene            - Clearing game scene
16:54:42.145 [JavaFX Application Thread] DEBUG GameWorld            - Clearing game world
16:54:42.148 [JavaFX Application Thread] DEBUG PhysicsWorld         - Clearing physics world
16:54:42.148 [FXGL Background Thread 2 ] DEBUG FXGLApplication      - Initializing game
16:54:42.150 [FXGL Background Thread 2 ] INFO  FXGLApplication      - Game initialization took: 0,001 sec
16:54:42.152 [JavaFX Application Thread] DEBUG Input                - Clearing active input actions
16:54:42.156 [JavaFX Application Thread] DEBUG GameApplicationServi - Removing overlay from FXGLLoadingScene and adding to GameScene
16:54:42.156 [JavaFX Application Thread] DEBUG PrimaryStageWindow   - FXGLLoadingScene -> GameScene
16:55:04.050 [JavaFX Application Thread] DEBUG PrimaryStageWindow   - Push state: DialogSubScene
16:55:04.050 [JavaFX Application Thread] DEBUG Input                - Clearing active input actions
16:55:04.051 [JavaFX Application Thread] DEBUG GameApplicationServi - Removing overlay from GameScene and adding to DialogSubScene
16:55:04.051 [JavaFX Application Thread] DEBUG PrimaryStageWindow   - GameScene -> DialogSubScene
16:55:46.038 [JavaFX Application Thread] DEBUG PrimaryStageWindow   - Pop state: DialogSubScene
16:55:46.038 [JavaFX Application Thread] DEBUG Input                - Clearing active input actions
16:55:46.038 [JavaFX Application Thread] DEBUG GameApplicationServi - Removing overlay from DialogSubScene and adding to GameScene
16:55:46.039 [JavaFX Application Thread] DEBUG PrimaryStageWindow   - GameScene <- DialogSubScene
16:55:46.039 [JavaFX Application Thread] DEBUG GameApplicationServi - Starting new game
16:55:46.039 [JavaFX Application Thread] DEBUG Input                - Clearing active input actions
16:55:46.042 [JavaFX Application Thread] DEBUG GameApplicationServi - Removing overlay from GameScene and adding to FXGLLoadingScene
16:55:46.042 [JavaFX Application Thread] DEBUG PrimaryStageWindow   - GameScene -> FXGLLoadingScene
16:55:46.042 [JavaFX Application Thread] DEBUG GameApplicationServi - Clearing previous game
16:55:46.042 [JavaFX Application Thread] DEBUG GameScene            - Clearing game scene
16:55:46.042 [JavaFX Application Thread] DEBUG GameWorld            - Clearing game world
16:55:46.043 [JavaFX Application Thread] DEBUG PhysicsWorld         - Clearing physics world
16:55:46.044 [FXGL Background Thread 5 ] DEBUG FXGLApplication      - Initializing game
16:55:46.045 [FXGL Background Thread 5 ] INFO  FXGLApplication      - Game initialization took: 0,001 sec
16:55:46.045 [JavaFX Application Thread] DEBUG Input                - Clearing active input actions
16:55:46.047 [JavaFX Application Thread] DEBUG GameApplicationServi - Removing overlay from FXGLLoadingScene and adding to GameScene
16:55:46.048 [JavaFX Application Thread] DEBUG PrimaryStageWindow   - FXGLLoadingScene -> GameScene
16:56:00.938 [JavaFX Application Thread] DEBUG PrimaryStageWindow   - Push state: DialogSubScene
16:56:00.938 [JavaFX Application Thread] DEBUG Input                - Clearing active input actions
16:56:00.938 [JavaFX Application Thread] DEBUG GameApplicationServi - Removing overlay from GameScene and adding to DialogSubScene
16:56:00.939 [JavaFX Application Thread] DEBUG PrimaryStageWindow   - GameScene -> DialogSubScene
16:56:13.674 [JavaFX Application Thread] DEBUG PrimaryStageWindow   - Pop state: DialogSubScene
16:56:13.674 [JavaFX Application Thread] DEBUG Input                - Clearing active input actions
16:56:13.675 [JavaFX Application Thread] DEBUG GameApplicationServi - Removing overlay from DialogSubScene and adding to GameScene
16:56:13.675 [JavaFX Application Thread] DEBUG PrimaryStageWindow   - GameScene <- DialogSubScene
16:56:13.675 [JavaFX Application Thread] DEBUG GameApplicationServi - Starting new game
16:56:13.675 [JavaFX Application Thread] DEBUG Input                - Clearing active input actions
16:56:13.677 [JavaFX Application Thread] DEBUG GameApplicationServi - Removing overlay from GameScene and adding to FXGLLoadingScene
16:56:13.677 [JavaFX Application Thread] DEBUG PrimaryStageWindow   - GameScene -> FXGLLoadingScene
16:56:13.677 [JavaFX Application Thread] DEBUG GameApplicationServi - Clearing previous game
16:56:13.677 [JavaFX Application Thread] DEBUG GameScene            - Clearing game scene
16:56:13.678 [JavaFX Application Thread] DEBUG GameWorld            - Clearing game world
16:56:13.678 [JavaFX Application Thread] DEBUG PhysicsWorld         - Clearing physics world
16:56:13.679 [FXGL Background Thread 5 ] DEBUG FXGLApplication      - Initializing game
16:56:13.679 [FXGL Background Thread 5 ] INFO  FXGLApplication      - Game initialization took: 0,001 sec
16:56:13.681 [JavaFX Application Thread] DEBUG Input                - Clearing active input actions
16:56:13.683 [JavaFX Application Thread] DEBUG GameApplicationServi - Removing overlay from FXGLLoadingScene and adding to GameScene
16:56:13.683 [JavaFX Application Thread] DEBUG PrimaryStageWindow   - FXGLLoadingScene -> GameScene
16:57:34.984 [JavaFX Application Thread] DEBUG PrimaryStageWindow   - Push state: DialogSubScene
16:57:34.984 [JavaFX Application Thread] DEBUG Input                - Clearing active input actions
16:57:34.985 [JavaFX Application Thread] DEBUG GameApplicationServi - Removing overlay from GameScene and adding to DialogSubScene
16:57:34.985 [JavaFX Application Thread] DEBUG PrimaryStageWindow   - GameScene -> DialogSubScene
16:57:36.268 [JavaFX Application Thread] DEBUG PrimaryStageWindow   - Pop state: DialogSubScene
16:57:36.268 [JavaFX Application Thread] DEBUG Input                - Clearing active input actions
16:57:36.268 [JavaFX Application Thread] DEBUG GameApplicationServi - Removing overlay from DialogSubScene and adding to GameScene
16:57:36.268 [JavaFX Application Thread] DEBUG PrimaryStageWindow   - GameScene <- DialogSubScene
16:57:36.268 [JavaFX Application Thread] DEBUG GameApplicationServi - Starting new game
16:57:36.268 [JavaFX Application Thread] DEBUG Input                - Clearing active input actions
16:57:36.271 [JavaFX Application Thread] DEBUG GameApplicationServi - Removing overlay from GameScene and adding to FXGLLoadingScene
16:57:36.271 [JavaFX Application Thread] DEBUG PrimaryStageWindow   - GameScene -> FXGLLoadingScene
16:57:36.271 [JavaFX Application Thread] DEBUG GameApplicationServi - Clearing previous game
16:57:36.271 [JavaFX Application Thread] DEBUG GameScene            - Clearing game scene
16:57:36.271 [JavaFX Application Thread] DEBUG GameWorld            - Clearing game world
16:57:36.271 [JavaFX Application Thread] DEBUG PhysicsWorld         - Clearing physics world
16:57:36.272 [FXGL Background Thread 6 ] DEBUG FXGLApplication      - Initializing game
16:57:36.273 [FXGL Background Thread 6 ] INFO  FXGLApplication      - Game initialization took: 0,000 sec
16:57:36.273 [JavaFX Application Thread] DEBUG Input                - Clearing active input actions
16:57:36.275 [JavaFX Application Thread] DEBUG GameApplicationServi - Removing overlay from FXGLLoadingScene and adding to GameScene
16:57:36.275 [JavaFX Application Thread] DEBUG PrimaryStageWindow   - FXGLLoadingScene -> GameScene
16:57:52.999 [JavaFX Application Thread] DEBUG PrimaryStageWindow   - Push state: DialogSubScene
16:57:52.999 [JavaFX Application Thread] DEBUG Input                - Clearing active input actions
16:57:53.000 [JavaFX Application Thread] DEBUG GameApplicationServi - Removing overlay from GameScene and adding to DialogSubScene
16:57:53.000 [JavaFX Application Thread] DEBUG PrimaryStageWindow   - GameScene -> DialogSubScene
16:57:53.701 [JavaFX Application Thread] DEBUG PrimaryStageWindow   - Pop state: DialogSubScene
16:57:53.701 [JavaFX Application Thread] DEBUG Input                - Clearing active input actions
16:57:53.701 [JavaFX Application Thread] DEBUG GameApplicationServi - Removing overlay from DialogSubScene and adding to GameScene
16:57:53.701 [JavaFX Application Thread] DEBUG PrimaryStageWindow   - GameScene <- DialogSubScene
16:57:53.701 [JavaFX Application Thread] DEBUG GameApplicationServi - Starting new game
16:57:53.701 [JavaFX Application Thread] DEBUG Input                - Clearing active input actions
16:57:53.703 [JavaFX Application Thread] DEBUG GameApplicationServi - Removing overlay from GameScene and adding to FXGLLoadingScene
16:57:53.703 [JavaFX Application Thread] DEBUG PrimaryStageWindow   - GameScene -> FXGLLoadingScene
16:57:53.703 [JavaFX Application Thread] DEBUG GameApplicationServi - Clearing previous game
16:57:53.703 [JavaFX Application Thread] DEBUG GameScene            - Clearing game scene
16:57:53.703 [JavaFX Application Thread] DEBUG GameWorld            - Clearing game world
16:57:53.704 [JavaFX Application Thread] DEBUG PhysicsWorld         - Clearing physics world
16:57:53.704 [FXGL Background Thread 6 ] DEBUG FXGLApplication      - Initializing game
16:57:53.704 [FXGL Background Thread 6 ] INFO  FXGLApplication      - Game initialization took: 0,000 sec
16:57:53.706 [JavaFX Application Thread] DEBUG Input                - Clearing active input actions
16:57:53.708 [JavaFX Application Thread] DEBUG GameApplicationServi - Removing overlay from FXGLLoadingScene and adding to GameScene
16:57:53.708 [JavaFX Application Thread] DEBUG PrimaryStageWindow   - FXGLLoadingScene -> GameScene
16:58:19.078 [JavaFX Application Thread] DEBUG PrimaryStageWindow   - Push state: DialogSubScene
16:58:19.078 [JavaFX Application Thread] DEBUG Input                - Clearing active input actions
16:58:19.079 [JavaFX Application Thread] DEBUG GameApplicationServi - Removing overlay from GameScene and adding to DialogSubScene
16:58:19.079 [JavaFX Application Thread] DEBUG PrimaryStageWindow   - GameScene -> DialogSubScene
17:06:07.196 [JavaFX Application Thread] DEBUG PrimaryStageWindow   - Pop state: DialogSubScene
17:06:07.196 [JavaFX Application Thread] DEBUG Input                - Clearing active input actions
17:06:07.196 [JavaFX Application Thread] DEBUG GameApplicationServi - Removing overlay from DialogSubScene and adding to GameScene
17:06:07.196 [JavaFX Application Thread] DEBUG PrimaryStageWindow   - GameScene <- DialogSubScene
17:06:07.196 [JavaFX Application Thread] DEBUG GameApplicationServi - Starting new game
17:06:07.196 [JavaFX Application Thread] DEBUG Input                - Clearing active input actions
17:06:07.199 [JavaFX Application Thread] DEBUG GameApplicationServi - Removing overlay from GameScene and adding to FXGLLoadingScene
17:06:07.199 [JavaFX Application Thread] DEBUG PrimaryStageWindow   - GameScene -> FXGLLoadingScene
17:06:07.199 [JavaFX Application Thread] DEBUG GameApplicationServi - Clearing previous game
17:06:07.199 [JavaFX Application Thread] DEBUG GameScene            - Clearing game scene
17:06:07.199 [JavaFX Application Thread] DEBUG GameWorld            - Clearing game world
17:06:07.199 [JavaFX Application Thread] DEBUG PhysicsWorld         - Clearing physics world
17:06:07.200 [FXGL Background Thread 7 ] DEBUG FXGLApplication      - Initializing game
17:06:07.201 [FXGL Background Thread 7 ] INFO  FXGLApplication      - Game initialization took: 0,000 sec
17:06:07.201 [JavaFX Application Thread] DEBUG Input                - Clearing active input actions
17:06:07.203 [JavaFX Application Thread] DEBUG GameApplicationServi - Removing overlay from FXGLLoadingScene and adding to GameScene
17:06:07.203 [JavaFX Application Thread] DEBUG PrimaryStageWindow   - FXGLLoadingScene -> GameScene
17:06:32.590 [JavaFX Application Thread] DEBUG PrimaryStageWindow   - Push state: DialogSubScene
17:06:32.591 [JavaFX Application Thread] DEBUG Input                - Clearing active input actions
17:06:32.591 [JavaFX Application Thread] DEBUG GameApplicationServi - Removing overlay from GameScene and adding to DialogSubScene
17:06:32.591 [JavaFX Application Thread] DEBUG PrimaryStageWindow   - GameScene -> DialogSubScene
17:06:33.971 [JavaFX Application Thread] DEBUG PrimaryStageWindow   - Pop state: DialogSubScene
17:06:33.971 [JavaFX Application Thread] DEBUG Input                - Clearing active input actions
17:06:33.971 [JavaFX Application Thread] DEBUG GameApplicationServi - Removing overlay from DialogSubScene and adding to GameScene
17:06:33.971 [JavaFX Application Thread] DEBUG PrimaryStageWindow   - GameScene <- DialogSubScene
17:06:33.971 [JavaFX Application Thread] DEBUG GameApplicationServi - Starting new game
17:06:33.971 [JavaFX Application Thread] DEBUG Input                - Clearing active input actions
17:06:33.973 [JavaFX Application Thread] DEBUG GameApplicationServi - Removing overlay from GameScene and adding to FXGLLoadingScene
17:06:33.973 [JavaFX Application Thread] DEBUG PrimaryStageWindow   - GameScene -> FXGLLoadingScene
17:06:33.973 [JavaFX Application Thread] DEBUG GameApplicationServi - Clearing previous game
17:06:33.973 [JavaFX Application Thread] DEBUG GameScene            - Clearing game scene
17:06:33.973 [JavaFX Application Thread] DEBUG GameWorld            - Clearing game world
17:06:33.974 [JavaFX Application Thread] DEBUG PhysicsWorld         - Clearing physics world
17:06:33.974 [FXGL Background Thread 7 ] DEBUG FXGLApplication      - Initializing game
17:06:33.975 [FXGL Background Thread 7 ] INFO  FXGLApplication      - Game initialization took: 0,000 sec
17:06:33.975 [JavaFX Application Thread] DEBUG Input                - Clearing active input actions
17:06:33.977 [JavaFX Application Thread] DEBUG GameApplicationServi - Removing overlay from FXGLLoadingScene and adding to GameScene
17:06:33.977 [JavaFX Application Thread] DEBUG PrimaryStageWindow   - FXGLLoadingScene -> GameScene
17:06:35.211 [JavaFX Application Thread] DEBUG FXGLApplication      - Exiting FXGL
17:06:35.211 [JavaFX Application Thread] DEBUG LoopRunner           - Stopping loop
17:06:35.211 [JavaFX Application Thread] DEBUG SystemBundleService  - Saving FXGL system data
17:06:35.216 [JavaFX Application Thread] DEBUG FileSystemAccess     - Writing to: U:\PROJET PERSO\Launcher\system\fxgl.bundle
17:06:35.223 [JavaFX Application Thread] DEBUG Async                - Shutting down background threads
17:06:35.223 [JavaFX Application Thread] DEBUG PrimaryStageWindow   - Closing main window
17:06:35.232 [JavaFX Application Thread] DEBUG Logger               - Closing Logger
